<?xml version="1.0" encoding="UTF-8"?>
<!-- Generated by org.testng.reporters.JUnitXMLReporter -->
<testsuite ignored="0" hostname="DESKTOP-QK0PR5I" failures="0" tests="5" name="Test" time="74.109" errors="0" timestamp="2026-01-08T15:56:40 IST">
  <testcase classname="testCases.TC003_LoginDDT" name="verify_loginDDT" time="9.0"/>
  <testcase classname="testCases.TC003_LoginDDT" name="verify_loginDDT" time="7.202"/>
  <testcase classname="testCases.TC003_LoginDDT" name="verify_loginDDT" time="16.644"/>
  <testcase classname="testCases.TC003_LoginDDT" name="verify_loginDDT" time="16.961"/>
  <testcase classname="testCases.TC003_LoginDDT" name="verify_loginDDT" time="16.864"/>
</testsuite> <!-- Test -->
