<?xml version="1.0" encoding="UTF-8"?>
<!-- Generated by org.testng.reporters.JUnitXMLReporter -->
<testsuite ignored="0" hostname="DESKTOP-QK0PR5I" failures="0" tests="5" name="Test" time="76.131" errors="0" timestamp="2026-01-06T16:46:18 IST">
  <testcase classname="testCases.TC003_LoginDDT" name="verify_loginDDT" time="8.032"/>
  <testcase classname="testCases.TC003_LoginDDT" name="verify_loginDDT" time="9.467"/>
  <testcase classname="testCases.TC003_LoginDDT" name="verify_loginDDT" time="16.872"/>
  <testcase classname="testCases.TC003_LoginDDT" name="verify_loginDDT" time="16.727"/>
  <testcase classname="testCases.TC003_LoginDDT" name="verify_loginDDT" time="16.78"/>
</testsuite> <!-- Test -->
