<?xml version="1.0" encoding="UTF-8"?>
<!-- Generated by org.testng.reporters.JUnitXMLReporter -->
<testsuite ignored="0" hostname="DESKTOP-QK0PR5I" failures="1" tests="1" name="edgetest" time="28.544" errors="0" timestamp="2026-01-06T16:42:19 IST">
  <testcase classname="testCases.TC001_AccountRegistrationTest" name="verify_account_registration" time="20.776">
    <failure type="java.lang.AssertionError" message="null">
      <![CDATA[java.lang.AssertionError: null
at testCases.TC001_AccountRegistrationTest.verify_account_registration(TC001_AccountRegistrationTest.java:58)
at java.base/java.util.ArrayList.forEach(ArrayList.java:1596)
at java.base/java.util.concurrent.FutureTask.run(FutureTask.java:317)
at java.base/java.util.concurrent.ThreadPoolExecutor.runWorker(ThreadPoolExecutor.java:1144)
at java.base/java.util.concurrent.ThreadPoolExecutor$Worker.run(ThreadPoolExecutor.java:642)
at java.base/java.lang.Thread.run(Thread.java:1583)
... Removed 17 stack frames]]>
    </failure>
  </testcase> <!-- verify_account_registration -->
</testsuite> <!-- edgetest -->
