<?xml version="1.0" encoding="UTF-8"?>
<testng-results ignored="0" total="5" passed="5" failed="0" skipped="0">
  <reporter-output>
  </reporter-output>
  <suite started-at="2026-01-08T15:55:24 IST" name="Master Suite" finished-at="2026-01-08T15:56:38 IST" duration-ms="74109">
    <groups>
      <group name="Datadriven">
        <method signature="TC003_LoginDDT.verify_loginDDT(java.lang.String,java.lang.String,java.lang.String)[pri:0, instance:testCases.TC003_LoginDDT@7674b62c]" name="verify_loginDDT" class="testCases.TC003_LoginDDT"/>
      </group> <!-- Datadriven -->
    </groups>
    <test started-at="2026-01-08T15:55:24 IST" name="Test" finished-at="2026-01-08T15:56:38 IST" duration-ms="74109">
      <class name="testCases.TC003_LoginDDT">
        <test-method is-config="true" signature="setup(java.lang.String,java.lang.String)[pri:0, instance:testCases.TC003_LoginDDT@7674b62c]" started-at="2026-01-08T15:55:24 IST" name="setup" finished-at="2026-01-08T15:55:29 IST" duration-ms="5104" status="PASS">
          <params>
            <param index="0">
              <value>
                <![CDATA[Windows]]>
              </value>
            </param>
            <param index="1">
              <value>
                <![CDATA[chrome]]>
              </value>
            </param>
          </params>
          <reporter-output>
          </reporter-output>
        </test-method> <!-- setup -->
        <test-method signature="verify_loginDDT(java.lang.String,java.lang.String,java.lang.String)[pri:0, instance:testCases.TC003_LoginDDT@7674b62c]" started-at="2026-01-08T15:55:31 IST" name="verify_loginDDT" data-provider="LoginData" finished-at="2026-01-08T15:55:40 IST" duration-ms="9000" status="PASS">
          <params>
            <param index="0">
              <value>
                <![CDATA[nanikadimi@gmail.com]]>
              </value>
            </param>
            <param index="1">
              <value>
                <![CDATA[nani123]]>
              </value>
            </param>
            <param index="2">
              <value>
                <![CDATA[Valid]]>
              </value>
            </param>
          </params>
          <reporter-output>
          </reporter-output>
        </test-method> <!-- verify_loginDDT -->
        <test-method signature="verify_loginDDT(java.lang.String,java.lang.String,java.lang.String)[pri:0, instance:testCases.TC003_LoginDDT@7674b62c]" started-at="2026-01-08T15:55:40 IST" name="verify_loginDDT" data-provider="LoginData" finished-at="2026-01-08T15:55:47 IST" duration-ms="7202" status="PASS">
          <params>
            <param index="0">
              <value>
                <![CDATA[john@gmail.com]]>
              </value>
            </param>
            <param index="1">
              <value>
                <![CDATA[john123]]>
              </value>
            </param>
            <param index="2">
              <value>
                <![CDATA[Valid]]>
              </value>
            </param>
          </params>
          <reporter-output>
          </reporter-output>
        </test-method> <!-- verify_loginDDT -->
        <test-method signature="verify_loginDDT(java.lang.String,java.lang.String,java.lang.String)[pri:0, instance:testCases.TC003_LoginDDT@7674b62c]" started-at="2026-01-08T15:55:47 IST" name="verify_loginDDT" data-provider="LoginData" finished-at="2026-01-08T15:56:04 IST" duration-ms="16644" status="PASS">
          <params>
            <param index="0">
              <value>
                <![CDATA[hsuhd@gmail.com]]>
              </value>
            </param>
            <param index="1">
              <value>
                <![CDATA[bhsb323]]>
              </value>
            </param>
            <param index="2">
              <value>
                <![CDATA[Invalid]]>
              </value>
            </param>
          </params>
          <reporter-output>
          </reporter-output>
        </test-method> <!-- verify_loginDDT -->
        <test-method signature="verify_loginDDT(java.lang.String,java.lang.String,java.lang.String)[pri:0, instance:testCases.TC003_LoginDDT@7674b62c]" started-at="2026-01-08T15:56:04 IST" name="verify_loginDDT" data-provider="LoginData" finished-at="2026-01-08T15:56:21 IST" duration-ms="16961" status="PASS">
          <params>
            <param index="0">
              <value>
                <![CDATA[sbubd@gmail.com]]>
              </value>
            </param>
            <param index="1">
              <value>
                <![CDATA[ugcyc22]]>
              </value>
            </param>
            <param index="2">
              <value>
                <![CDATA[Invalid]]>
              </value>
            </param>
          </params>
          <reporter-output>
          </reporter-output>
        </test-method> <!-- verify_loginDDT -->
        <test-method signature="verify_loginDDT(java.lang.String,java.lang.String,java.lang.String)[pri:0, instance:testCases.TC003_LoginDDT@7674b62c]" started-at="2026-01-08T15:56:21 IST" name="verify_loginDDT" data-provider="LoginData" finished-at="2026-01-08T15:56:38 IST" duration-ms="16864" status="PASS">
          <params>
            <param index="0">
              <value>
                <![CDATA[abc123@gmail.com]]>
              </value>
            </param>
            <param index="1">
              <value>
                <![CDATA[ugcyc22]]>
              </value>
            </param>
            <param index="2">
              <value>
                <![CDATA[Invalid]]>
              </value>
            </param>
          </params>
          <reporter-output>
          </reporter-output>
        </test-method> <!-- verify_loginDDT -->
        <test-method is-config="true" signature="tearDown()[pri:0, instance:testCases.TC003_LoginDDT@7674b62c]" started-at="2026-01-08T15:56:38 IST" name="tearDown" finished-at="2026-01-08T15:56:38 IST" duration-ms="371" status="PASS">
          <reporter-output>
          </reporter-output>
        </test-method> <!-- tearDown -->
      </class> <!-- testCases.TC003_LoginDDT -->
    </test> <!-- Test -->
  </suite> <!-- Master Suite -->
</testng-results>
