<?xml version="1.0" encoding="UTF-8"?>
<!-- Generated by org.testng.reporters.JUnitReportReporter -->
<testsuite hostname="DESKTOP-QK0PR5I" failures="0" tests="5" name="testCases.TC003_LoginDDT" time="67.878" errors="0" timestamp="2026-01-06T16:46:19 IST" skipped="0">
  <testcase classname="testCases.TC003_LoginDDT" name="verify_loginDDT" time="9.467"/>
  <testcase classname="testCases.TC003_LoginDDT" name="verify_loginDDT" time="16.727"/>
  <testcase classname="testCases.TC003_LoginDDT" name="verify_loginDDT" time="8.032"/>
  <testcase classname="testCases.TC003_LoginDDT" name="verify_loginDDT" time="16.780"/>
  <testcase classname="testCases.TC003_LoginDDT" name="verify_loginDDT" time="16.872"/>
</testsuite> <!-- testCases.TC003_LoginDDT -->
