<?xml version="1.0" encoding="UTF-8"?>
<!-- Generated by org.testng.reporters.JUnitReportReporter -->
<testsuite hostname="DESKTOP-QK0PR5I" failures="0" tests="5" name="testCases.TC003_LoginDDT" time="66.671" errors="0" timestamp="2026-01-08T15:56:40 IST" skipped="0">
  <testcase classname="testCases.TC003_LoginDDT" name="verify_loginDDT" time="16.644"/>
  <testcase classname="testCases.TC003_LoginDDT" name="verify_loginDDT" time="16.864"/>
  <testcase classname="testCases.TC003_LoginDDT" name="verify_loginDDT" time="16.961"/>
  <testcase classname="testCases.TC003_LoginDDT" name="verify_loginDDT" time="9.000"/>
  <testcase classname="testCases.TC003_LoginDDT" name="verify_loginDDT" time="7.202"/>
</testsuite> <!-- testCases.TC003_LoginDDT -->
